<?xml version="1.0" encoding="UTF-8"?>
<testng-results ignored="0" total="1" passed="1" failed="0" skipped="0">
  <reporter-output>
  </reporter-output>
  <suite started-at="2024-02-24T01:29:13 IST" name="Default suite" finished-at="2024-02-24T01:29:47 IST" duration-ms="33919">
    <groups>
    </groups>
    <test started-at="2024-02-24T01:29:13 IST" name="Default test" finished-at="2024-02-24T01:29:47 IST" duration-ms="33919">
      <class name="testsuites.Login">
        <test-method is-config="true" signature="launchBrowser()[pri:0, instance:testsuites.Login@6fdbe764]" started-at="2024-02-24T01:29:13 IST" name="launchBrowser" finished-at="2024-02-24T01:29:41 IST" duration-ms="28437" status="PASS">
          <reporter-output>
          </reporter-output>
        </test-method> <!-- launchBrowser -->
        <test-method is-config="true" signature="browserUrlLaunch()[pri:0, instance:testsuites.Login@6fdbe764]" started-at="2024-02-24T01:29:41 IST" name="browserUrlLaunch" finished-at="2024-02-24T01:29:46 IST" duration-ms="4698" status="PASS">
          <reporter-output>
          </reporter-output>
        </test-method> <!-- browserUrlLaunch -->
        <test-method signature="test1()[pri:0, instance:testsuites.Login@6fdbe764]" started-at="2024-02-24T01:29:46 IST" name="test1" finished-at="2024-02-24T01:29:47 IST" duration-ms="660" status="PASS">
          <reporter-output>
          </reporter-output>
        </test-method> <!-- test1 -->
      </class> <!-- testsuites.Login -->
    </test> <!-- Default test -->
  </suite> <!-- Default suite -->
</testng-results>
